2020-03-09 01:48:29,924 [12] INFO EchoClassic.Service1 - Push Notification Result ={"multicast_id":8376971459958260505,"success":1,"failure":0,"canonical_ids":0,"results":[{"message_id":"0:1583698690075058%c025d34bf9fd7ecd"}]}
2020-03-09 01:48:36,262 [12] INFO EchoClassic.Service1 - Push Notification Result ={"multicast_id":7565958401290680398,"success":1,"failure":0,"canonical_ids":0,"results":[{"message_id":"0:1583698710122036%c025d34bf9fd7ecd"}]}
2020-03-09 01:48:45,531 [13] INFO EchoClassic.Service1 - Push Notification Result ={"multicast_id":5255623911704388832,"success":1,"failure":0,"canonical_ids":0,"results":[{"message_id":"0:1583698716442096%c025d34bf9fd7ecd"}]}
2020-03-09 01:53:26,382 [12] INFO EchoClassic.Service1 - Push Notification Result ={"multicast_id":5667492693165669193,"success":1,"failure":0,"canonical_ids":0,"results":[{"message_id":"0:1583698991889338%c025d34bf9fd7ecd"}]}
2020-03-09 01:53:28,335 [12] INFO EchoClassic.Service1 - Push Notification Result ={"multicast_id":5124054292775817512,"success":1,"failure":0,"canonical_ids":0,"results":[{"message_id":"0:1583699006566190%c025d34bf9fd7ecd"}]}
2020-03-09 01:57:20,559 [15] INFO EchoClassic.Service1 - Push Notification Result ={"multicast_id":1441311232393291275,"success":1,"failure":0,"canonical_ids":0,"results":[{"message_id":"0:1583699240648259%c025d34bf9fd7ecd"}]}
2020-03-09 01:57:20,577 [15] DEBUG EchoClassic.Service1 - Push Notification Result ={"multicast_id":1441311232393291275,"success":1,"failure":0,"canonical_ids":0,"results":[{"message_id":"0:1583699240648259%c025d34bf9fd7ecd"}]}
2020-03-09 01:57:20,579 [15] WARN EchoClassic.Service1 - Push Notification Result ={"multicast_id":1441311232393291275,"success":1,"failure":0,"canonical_ids":0,"results":[{"message_id":"0:1583699240648259%c025d34bf9fd7ecd"}]}
2020-03-09 01:57:20,580 [15] ERROR EchoClassic.Service1 - Push Notification Result ={"multicast_id":1441311232393291275,"success":1,"failure":0,"canonical_ids":0,"results":[{"message_id":"0:1583699240648259%c025d34bf9fd7ecd"}]}
2020-03-09 01:57:20,582 [15] FATAL EchoClassic.Service1 - Push Notification Result ={"multicast_id":1441311232393291275,"success":1,"failure":0,"canonical_ids":0,"results":[{"message_id":"0:1583699240648259%c025d34bf9fd7ecd"}]}
2020-03-09 01:57:20,677 [15] INFO EchoClassic.Service1 - Push Notification Result ={"multicast_id":8214796045096228484,"success":1,"failure":0,"canonical_ids":0,"results":[{"message_id":"0:1583699240763302%c025d34bf9fd7ecd"}]}
2020-03-09 01:57:20,679 [15] DEBUG EchoClassic.Service1 - Push Notification Result ={"multicast_id":8214796045096228484,"success":1,"failure":0,"canonical_ids":0,"results":[{"message_id":"0:1583699240763302%c025d34bf9fd7ecd"}]}
2020-03-09 01:57:20,680 [15] WARN EchoClassic.Service1 - Push Notification Result ={"multicast_id":8214796045096228484,"success":1,"failure":0,"canonical_ids":0,"results":[{"message_id":"0:1583699240763302%c025d34bf9fd7ecd"}]}
2020-03-09 01:57:20,682 [15] ERROR EchoClassic.Service1 - Push Notification Result ={"multicast_id":8214796045096228484,"success":1,"failure":0,"canonical_ids":0,"results":[{"message_id":"0:1583699240763302%c025d34bf9fd7ecd"}]}
2020-03-09 01:57:20,684 [15] FATAL EchoClassic.Service1 - Push Notification Result ={"multicast_id":8214796045096228484,"success":1,"failure":0,"canonical_ids":0,"results":[{"message_id":"0:1583699240763302%c025d34bf9fd7ecd"}]}
2020-03-09 01:57:23,587 [10] INFO EchoClassic.Service1 - Push Notification Result ={"multicast_id":6837063121815656179,"success":1,"failure":0,"canonical_ids":0,"results":[{"message_id":"0:1583699243676650%c025d34bf9fd7ecd"}]}
2020-03-09 01:57:23,588 [10] DEBUG EchoClassic.Service1 - Push Notification Result ={"multicast_id":6837063121815656179,"success":1,"failure":0,"canonical_ids":0,"results":[{"message_id":"0:1583699243676650%c025d34bf9fd7ecd"}]}
2020-03-09 01:57:23,590 [10] WARN EchoClassic.Service1 - Push Notification Result ={"multicast_id":6837063121815656179,"success":1,"failure":0,"canonical_ids":0,"results":[{"message_id":"0:1583699243676650%c025d34bf9fd7ecd"}]}
2020-03-09 01:57:23,591 [10] ERROR EchoClassic.Service1 - Push Notification Result ={"multicast_id":6837063121815656179,"success":1,"failure":0,"canonical_ids":0,"results":[{"message_id":"0:1583699243676650%c025d34bf9fd7ecd"}]}
2020-03-09 01:57:23,593 [10] FATAL EchoClassic.Service1 - Push Notification Result ={"multicast_id":6837063121815656179,"success":1,"failure":0,"canonical_ids":0,"results":[{"message_id":"0:1583699243676650%c025d34bf9fd7ecd"}]}
2020-03-09 01:57:23,677 [10] INFO EchoClassic.Service1 - Push Notification Result ={"multicast_id":4863650198535449205,"success":1,"failure":0,"canonical_ids":0,"results":[{"message_id":"0:1583699243775573%c025d34bf9fd7ecd"}]}
2020-03-09 01:57:23,679 [10] DEBUG EchoClassic.Service1 - Push Notification Result ={"multicast_id":4863650198535449205,"success":1,"failure":0,"canonical_ids":0,"results":[{"message_id":"0:1583699243775573%c025d34bf9fd7ecd"}]}
2020-03-09 01:57:23,681 [10] WARN EchoClassic.Service1 - Push Notification Result ={"multicast_id":4863650198535449205,"success":1,"failure":0,"canonical_ids":0,"results":[{"message_id":"0:1583699243775573%c025d34bf9fd7ecd"}]}
2020-03-09 01:57:23,682 [10] ERROR EchoClassic.Service1 - Push Notification Result ={"multicast_id":4863650198535449205,"success":1,"failure":0,"canonical_ids":0,"results":[{"message_id":"0:1583699243775573%c025d34bf9fd7ecd"}]}
2020-03-09 01:57:23,683 [10] FATAL EchoClassic.Service1 - Push Notification Result ={"multicast_id":4863650198535449205,"success":1,"failure":0,"canonical_ids":0,"results":[{"message_id":"0:1583699243775573%c025d34bf9fd7ecd"}]}
